stdout: { _: [ '5a1a696f2b98c2301aa81e9a' ], config: 'serviceExecutor' }
stdout: config params
stdout: : argv.config
stdout: serviceExecutor
stdout: check conditions...
stdout: 59226
stdout: Application [ serviceExecutor ] is Running on 59226 port
stdout: check conditions...
stdout: check conditions...
stdout: check conditions...
stdout: check conditions...
stdout: check conditions...
stdout: check conditions...
stdout: check conditions...
stdout: check conditions...
stdout: check conditions...
stdout: check conditions...
stdout: check conditions...
stdout: check conditions...
stdout: check conditions...
stdout: check conditions...
